The system is: Linux - 2.6.32-642.13.1.el6.x86_64 - x86_64
Compiling the C compiler identification source file "CMakeCCompilerId.c" succeeded.
Compiler: /opt/gcc-4.8.2/bin/cc 
Build flags: 
Id flags: 

The output was:
0


Compilation of the C compiler identification source "CMakeCCompilerId.c" produced "a.out"

The C compiler identification is GNU, found in "/home/pnvaidya/work/GKL/src/main/native/smithwaterman/CMakeFiles/2.8.12.2/CompilerIdC/a.out"

Compiling the CXX compiler identification source file "CMakeCXXCompilerId.cpp" succeeded.
Compiler: /opt/gcc-4.8.2/bin/c++ 
Build flags: 
Id flags: 

The output was:
0


Compilation of the CXX compiler identification source "CMakeCXXCompilerId.cpp" produced "a.out"

The CXX compiler identification is GNU, found in "/home/pnvaidya/work/GKL/src/main/native/smithwaterman/CMakeFiles/2.8.12.2/CompilerIdCXX/a.out"

Determining if the C compiler works passed with the following output:
Change Dir: /home/pnvaidya/work/GKL/src/main/native/smithwaterman/CMakeFiles/CMakeTmp

Run Build Command:/usr/bin/gmake "cmTryCompileExec484129463/fast"
/usr/bin/gmake -f CMakeFiles/cmTryCompileExec484129463.dir/build.make CMakeFiles/cmTryCompileExec484129463.dir/build
gmake[1]: Entering directory `/home/pnvaidya/work/GKL/src/main/native/smithwaterman/CMakeFiles/CMakeTmp'
/usr/bin/cmake -E cmake_progress_report /home/pnvaidya/work/GKL/src/main/native/smithwaterman/CMakeFiles/CMakeTmp/CMakeFiles 1
Building C object CMakeFiles/cmTryCompileExec484129463.dir/testCCompiler.c.o
/opt/gcc-4.8.2/bin/cc    -o CMakeFiles/cmTryCompileExec484129463.dir/testCCompiler.c.o   -c /home/pnvaidya/work/GKL/src/main/native/smithwaterman/CMakeFiles/CMakeTmp/testCCompiler.c
Linking C executable cmTryCompileExec484129463
/usr/bin/cmake -E cmake_link_script CMakeFiles/cmTryCompileExec484129463.dir/link.txt --verbose=1
/opt/gcc-4.8.2/bin/cc       CMakeFiles/cmTryCompileExec484129463.dir/testCCompiler.c.o  -o cmTryCompileExec484129463 -rdynamic 
gmake[1]: Leaving directory `/home/pnvaidya/work/GKL/src/main/native/smithwaterman/CMakeFiles/CMakeTmp'


Detecting C compiler ABI info compiled with the following output:
Change Dir: /home/pnvaidya/work/GKL/src/main/native/smithwaterman/CMakeFiles/CMakeTmp

Run Build Command:/usr/bin/gmake "cmTryCompileExec1702902707/fast"
/usr/bin/gmake -f CMakeFiles/cmTryCompileExec1702902707.dir/build.make CMakeFiles/cmTryCompileExec1702902707.dir/build
gmake[1]: Entering directory `/home/pnvaidya/work/GKL/src/main/native/smithwaterman/CMakeFiles/CMakeTmp'
/usr/bin/cmake -E cmake_progress_report /home/pnvaidya/work/GKL/src/main/native/smithwaterman/CMakeFiles/CMakeTmp/CMakeFiles 1
Building C object CMakeFiles/cmTryCompileExec1702902707.dir/CMakeCCompilerABI.c.o
/opt/gcc-4.8.2/bin/cc    -o CMakeFiles/cmTryCompileExec1702902707.dir/CMakeCCompilerABI.c.o   -c /usr/share/cmake/Modules/CMakeCCompilerABI.c
Linking C executable cmTryCompileExec1702902707
/usr/bin/cmake -E cmake_link_script CMakeFiles/cmTryCompileExec1702902707.dir/link.txt --verbose=1
/opt/gcc-4.8.2/bin/cc     -v CMakeFiles/cmTryCompileExec1702902707.dir/CMakeCCompilerABI.c.o  -o cmTryCompileExec1702902707 -rdynamic  
Using built-in specs.
COLLECT_GCC=/opt/gcc-4.8.2/bin/cc
COLLECT_LTO_WRAPPER=/home/opt/gcc-4.8.2/bin/../libexec/gcc/x86_64-unknown-linux-gnu/4.8.2/lto-wrapper
Target: x86_64-unknown-linux-gnu
Configured with: ../gcc-4.8.2/configure --prefix=/opt/gcc-4.8.2 --enable-languages=c,c++,fortran --with-mpfr=/mnt/app_hdd/scratch/karthikg/VM/shared/softwares/gcc-4.8.2/build/../libs --with-mpc=/mnt/app_hdd/scratch/karthikg/VM/shared/softwares/gcc-4.8.2/build/../libs --with-gmp=/mnt/app_hdd/scratch/karthikg/VM/shared/softwares/gcc-4.8.2/build/../libs --with-isl=/mnt/app_hdd/scratch/karthikg/VM/shared/softwares/gcc-4.8.2/libs/ --with-cloog=/mnt/app_hdd/scratch/karthikg/VM/shared/softwares/gcc-4.8.2/libs/ : (reconfigured) ../gcc-4.8.2/configure --prefix=/opt/gcc-4.8.2 --enable-languages=c,c++,fortran --with-mpfr=/mnt/app_hdd/scratch/karthikg/VM/shared/softwares/gcc-4.8.2/build/../libs --with-mpc=/mnt/app_hdd/scratch/karthikg/VM/shared/softwares/gcc-4.8.2/build/../libs --with-gmp=/mnt/app_hdd/scratch/karthikg/VM/shared/softwares/gcc-4.8.2/build/../libs --with-isl=/mnt/app_hdd/scratch/karthikg/VM/shared/softwares/gcc-4.8.2/libs/ --with-cloog=/mnt/app_hdd/scratch/karthikg/VM/shared/softwares/gcc-4.8.2/libs/
Thread model: posix
gcc version 4.8.2 (GCC) 
COMPILER_PATH=/home/opt/gcc-4.8.2/bin/../libexec/gcc/x86_64-unknown-linux-gnu/4.8.2/:/home/opt/gcc-4.8.2/bin/../libexec/gcc/
LIBRARY_PATH=/home/opt/gcc-4.8.2/bin/../lib/gcc/x86_64-unknown-linux-gnu/4.8.2/:/home/opt/gcc-4.8.2/bin/../lib/gcc/:/home/opt/gcc-4.8.2/bin/../lib/gcc/x86_64-unknown-linux-gnu/4.8.2/../../../../lib64/:/lib/../lib64/:/usr/lib/../lib64/:/home/opt/gcc-4.8.2/bin/../lib/gcc/x86_64-unknown-linux-gnu/4.8.2/../../../:/lib/:/usr/lib/
COLLECT_GCC_OPTIONS='-v' '-o' 'cmTryCompileExec1702902707' '-rdynamic' '-mtune=generic' '-march=x86-64'
 /home/opt/gcc-4.8.2/bin/../libexec/gcc/x86_64-unknown-linux-gnu/4.8.2/collect2 --eh-frame-hdr -m elf_x86_64 -export-dynamic -dynamic-linker /lib64/ld-linux-x86-64.so.2 -o cmTryCompileExec1702902707 /usr/lib/../lib64/crt1.o /usr/lib/../lib64/crti.o /home/opt/gcc-4.8.2/bin/../lib/gcc/x86_64-unknown-linux-gnu/4.8.2/crtbegin.o -L/home/opt/gcc-4.8.2/bin/../lib/gcc/x86_64-unknown-linux-gnu/4.8.2 -L/home/opt/gcc-4.8.2/bin/../lib/gcc -L/home/opt/gcc-4.8.2/bin/../lib/gcc/x86_64-unknown-linux-gnu/4.8.2/../../../../lib64 -L/lib/../lib64 -L/usr/lib/../lib64 -L/home/opt/gcc-4.8.2/bin/../lib/gcc/x86_64-unknown-linux-gnu/4.8.2/../../.. CMakeFiles/cmTryCompileExec1702902707.dir/CMakeCCompilerABI.c.o -lgcc --as-needed -lgcc_s --no-as-needed -lc -lgcc --as-needed -lgcc_s --no-as-needed /home/opt/gcc-4.8.2/bin/../lib/gcc/x86_64-unknown-linux-gnu/4.8.2/crtend.o /usr/lib/../lib64/crtn.o
gmake[1]: Leaving directory `/home/pnvaidya/work/GKL/src/main/native/smithwaterman/CMakeFiles/CMakeTmp'


Parsed C implicit link information from above output:
  link line regex: [^( *|.*[/\])(ld|([^/\]+-)?ld|collect2)[^/\]*( |$)]
  ignore line: [Change Dir: /home/pnvaidya/work/GKL/src/main/native/smithwaterman/CMakeFiles/CMakeTmp]
  ignore line: []
  ignore line: [Run Build Command:/usr/bin/gmake "cmTryCompileExec1702902707/fast"]
  ignore line: [/usr/bin/gmake -f CMakeFiles/cmTryCompileExec1702902707.dir/build.make CMakeFiles/cmTryCompileExec1702902707.dir/build]
  ignore line: [gmake[1]: Entering directory `/home/pnvaidya/work/GKL/src/main/native/smithwaterman/CMakeFiles/CMakeTmp']
  ignore line: [/usr/bin/cmake -E cmake_progress_report /home/pnvaidya/work/GKL/src/main/native/smithwaterman/CMakeFiles/CMakeTmp/CMakeFiles 1]
  ignore line: [Building C object CMakeFiles/cmTryCompileExec1702902707.dir/CMakeCCompilerABI.c.o]
  ignore line: [/opt/gcc-4.8.2/bin/cc    -o CMakeFiles/cmTryCompileExec1702902707.dir/CMakeCCompilerABI.c.o   -c /usr/share/cmake/Modules/CMakeCCompilerABI.c]
  ignore line: [Linking C executable cmTryCompileExec1702902707]
  ignore line: [/usr/bin/cmake -E cmake_link_script CMakeFiles/cmTryCompileExec1702902707.dir/link.txt --verbose=1]
  ignore line: [/opt/gcc-4.8.2/bin/cc     -v CMakeFiles/cmTryCompileExec1702902707.dir/CMakeCCompilerABI.c.o  -o cmTryCompileExec1702902707 -rdynamic  ]
  ignore line: [Using built-in specs.]
  ignore line: [COLLECT_GCC=/opt/gcc-4.8.2/bin/cc]
  ignore line: [COLLECT_LTO_WRAPPER=/home/opt/gcc-4.8.2/bin/../libexec/gcc/x86_64-unknown-linux-gnu/4.8.2/lto-wrapper]
  ignore line: [Target: x86_64-unknown-linux-gnu]
  ignore line: [Configured with: ../gcc-4.8.2/configure --prefix=/opt/gcc-4.8.2 --enable-languages=c,c++,fortran --with-mpfr=/mnt/app_hdd/scratch/karthikg/VM/shared/softwares/gcc-4.8.2/build/../libs --with-mpc=/mnt/app_hdd/scratch/karthikg/VM/shared/softwares/gcc-4.8.2/build/../libs --with-gmp=/mnt/app_hdd/scratch/karthikg/VM/shared/softwares/gcc-4.8.2/build/../libs --with-isl=/mnt/app_hdd/scratch/karthikg/VM/shared/softwares/gcc-4.8.2/libs/ --with-cloog=/mnt/app_hdd/scratch/karthikg/VM/shared/softwares/gcc-4.8.2/libs/ : (reconfigured) ../gcc-4.8.2/configure --prefix=/opt/gcc-4.8.2 --enable-languages=c,c++,fortran --with-mpfr=/mnt/app_hdd/scratch/karthikg/VM/shared/softwares/gcc-4.8.2/build/../libs --with-mpc=/mnt/app_hdd/scratch/karthikg/VM/shared/softwares/gcc-4.8.2/build/../libs --with-gmp=/mnt/app_hdd/scratch/karthikg/VM/shared/softwares/gcc-4.8.2/build/../libs --with-isl=/mnt/app_hdd/scratch/karthikg/VM/shared/softwares/gcc-4.8.2/libs/ --with-cloog=/mnt/app_hdd/scratch/karthikg/VM/shared/softwares/gcc-4.8.2/libs/]
  ignore line: [Thread model: posix]
  ignore line: [gcc version 4.8.2 (GCC) ]
  ignore line: [COMPILER_PATH=/home/opt/gcc-4.8.2/bin/../libexec/gcc/x86_64-unknown-linux-gnu/4.8.2/:/home/opt/gcc-4.8.2/bin/../libexec/gcc/]
  ignore line: [LIBRARY_PATH=/home/opt/gcc-4.8.2/bin/../lib/gcc/x86_64-unknown-linux-gnu/4.8.2/:/home/opt/gcc-4.8.2/bin/../lib/gcc/:/home/opt/gcc-4.8.2/bin/../lib/gcc/x86_64-unknown-linux-gnu/4.8.2/../../../../lib64/:/lib/../lib64/:/usr/lib/../lib64/:/home/opt/gcc-4.8.2/bin/../lib/gcc/x86_64-unknown-linux-gnu/4.8.2/../../../:/lib/:/usr/lib/]
  ignore line: [COLLECT_GCC_OPTIONS='-v' '-o' 'cmTryCompileExec1702902707' '-rdynamic' '-mtune=generic' '-march=x86-64']
  link line: [ /home/opt/gcc-4.8.2/bin/../libexec/gcc/x86_64-unknown-linux-gnu/4.8.2/collect2 --eh-frame-hdr -m elf_x86_64 -export-dynamic -dynamic-linker /lib64/ld-linux-x86-64.so.2 -o cmTryCompileExec1702902707 /usr/lib/../lib64/crt1.o /usr/lib/../lib64/crti.o /home/opt/gcc-4.8.2/bin/../lib/gcc/x86_64-unknown-linux-gnu/4.8.2/crtbegin.o -L/home/opt/gcc-4.8.2/bin/../lib/gcc/x86_64-unknown-linux-gnu/4.8.2 -L/home/opt/gcc-4.8.2/bin/../lib/gcc -L/home/opt/gcc-4.8.2/bin/../lib/gcc/x86_64-unknown-linux-gnu/4.8.2/../../../../lib64 -L/lib/../lib64 -L/usr/lib/../lib64 -L/home/opt/gcc-4.8.2/bin/../lib/gcc/x86_64-unknown-linux-gnu/4.8.2/../../.. CMakeFiles/cmTryCompileExec1702902707.dir/CMakeCCompilerABI.c.o -lgcc --as-needed -lgcc_s --no-as-needed -lc -lgcc --as-needed -lgcc_s --no-as-needed /home/opt/gcc-4.8.2/bin/../lib/gcc/x86_64-unknown-linux-gnu/4.8.2/crtend.o /usr/lib/../lib64/crtn.o]
    arg [/home/opt/gcc-4.8.2/bin/../libexec/gcc/x86_64-unknown-linux-gnu/4.8.2/collect2] ==> ignore
    arg [--eh-frame-hdr] ==> ignore
    arg [-m] ==> ignore
    arg [elf_x86_64] ==> ignore
    arg [-export-dynamic] ==> ignore
    arg [-dynamic-linker] ==> ignore
    arg [/lib64/ld-linux-x86-64.so.2] ==> ignore
    arg [-o] ==> ignore
    arg [cmTryCompileExec1702902707] ==> ignore
    arg [/usr/lib/../lib64/crt1.o] ==> ignore
    arg [/usr/lib/../lib64/crti.o] ==> ignore
    arg [/home/opt/gcc-4.8.2/bin/../lib/gcc/x86_64-unknown-linux-gnu/4.8.2/crtbegin.o] ==> ignore
    arg [-L/home/opt/gcc-4.8.2/bin/../lib/gcc/x86_64-unknown-linux-gnu/4.8.2] ==> dir [/home/opt/gcc-4.8.2/bin/../lib/gcc/x86_64-unknown-linux-gnu/4.8.2]
    arg [-L/home/opt/gcc-4.8.2/bin/../lib/gcc] ==> dir [/home/opt/gcc-4.8.2/bin/../lib/gcc]
    arg [-L/home/opt/gcc-4.8.2/bin/../lib/gcc/x86_64-unknown-linux-gnu/4.8.2/../../../../lib64] ==> dir [/home/opt/gcc-4.8.2/bin/../lib/gcc/x86_64-unknown-linux-gnu/4.8.2/../../../../lib64]
    arg [-L/lib/../lib64] ==> dir [/lib/../lib64]
    arg [-L/usr/lib/../lib64] ==> dir [/usr/lib/../lib64]
    arg [-L/home/opt/gcc-4.8.2/bin/../lib/gcc/x86_64-unknown-linux-gnu/4.8.2/../../..] ==> dir [/home/opt/gcc-4.8.2/bin/../lib/gcc/x86_64-unknown-linux-gnu/4.8.2/../../..]
    arg [CMakeFiles/cmTryCompileExec1702902707.dir/CMakeCCompilerABI.c.o] ==> ignore
    arg [-lgcc] ==> lib [gcc]
    arg [--as-needed] ==> ignore
    arg [-lgcc_s] ==> lib [gcc_s]
    arg [--no-as-needed] ==> ignore
    arg [-lc] ==> lib [c]
    arg [-lgcc] ==> lib [gcc]
    arg [--as-needed] ==> ignore
    arg [-lgcc_s] ==> lib [gcc_s]
    arg [--no-as-needed] ==> ignore
    arg [/home/opt/gcc-4.8.2/bin/../lib/gcc/x86_64-unknown-linux-gnu/4.8.2/crtend.o] ==> ignore
    arg [/usr/lib/../lib64/crtn.o] ==> ignore
  remove lib [gcc]
  remove lib [gcc_s]
  remove lib [gcc]
  remove lib [gcc_s]
  collapse library dir [/home/opt/gcc-4.8.2/bin/../lib/gcc/x86_64-unknown-linux-gnu/4.8.2] ==> [/home/opt/gcc-4.8.2/lib/gcc/x86_64-unknown-linux-gnu/4.8.2]
  collapse library dir [/home/opt/gcc-4.8.2/bin/../lib/gcc] ==> [/home/opt/gcc-4.8.2/lib/gcc]
  collapse library dir [/home/opt/gcc-4.8.2/bin/../lib/gcc/x86_64-unknown-linux-gnu/4.8.2/../../../../lib64] ==> [/home/opt/gcc-4.8.2/lib64]
  collapse library dir [/lib/../lib64] ==> [/lib64]
  collapse library dir [/usr/lib/../lib64] ==> [/usr/lib64]
  collapse library dir [/home/opt/gcc-4.8.2/bin/../lib/gcc/x86_64-unknown-linux-gnu/4.8.2/../../..] ==> [/home/opt/gcc-4.8.2/lib]
  implicit libs: [c]
  implicit dirs: [/home/opt/gcc-4.8.2/lib/gcc/x86_64-unknown-linux-gnu/4.8.2;/home/opt/gcc-4.8.2/lib/gcc;/home/opt/gcc-4.8.2/lib64;/lib64;/usr/lib64;/home/opt/gcc-4.8.2/lib]
  implicit fwks: []


Determining if the CXX compiler works passed with the following output:
Change Dir: /home/pnvaidya/work/GKL/src/main/native/smithwaterman/CMakeFiles/CMakeTmp

Run Build Command:/usr/bin/gmake "cmTryCompileExec2032967358/fast"
/usr/bin/gmake -f CMakeFiles/cmTryCompileExec2032967358.dir/build.make CMakeFiles/cmTryCompileExec2032967358.dir/build
gmake[1]: Entering directory `/home/pnvaidya/work/GKL/src/main/native/smithwaterman/CMakeFiles/CMakeTmp'
/usr/bin/cmake -E cmake_progress_report /home/pnvaidya/work/GKL/src/main/native/smithwaterman/CMakeFiles/CMakeTmp/CMakeFiles 1
Building CXX object CMakeFiles/cmTryCompileExec2032967358.dir/testCXXCompiler.cxx.o
/opt/gcc-4.8.2/bin/c++     -o CMakeFiles/cmTryCompileExec2032967358.dir/testCXXCompiler.cxx.o -c /home/pnvaidya/work/GKL/src/main/native/smithwaterman/CMakeFiles/CMakeTmp/testCXXCompiler.cxx
Linking CXX executable cmTryCompileExec2032967358
/usr/bin/cmake -E cmake_link_script CMakeFiles/cmTryCompileExec2032967358.dir/link.txt --verbose=1
/opt/gcc-4.8.2/bin/c++        CMakeFiles/cmTryCompileExec2032967358.dir/testCXXCompiler.cxx.o  -o cmTryCompileExec2032967358 -rdynamic 
gmake[1]: Leaving directory `/home/pnvaidya/work/GKL/src/main/native/smithwaterman/CMakeFiles/CMakeTmp'


Detecting CXX compiler ABI info compiled with the following output:
Change Dir: /home/pnvaidya/work/GKL/src/main/native/smithwaterman/CMakeFiles/CMakeTmp

Run Build Command:/usr/bin/gmake "cmTryCompileExec1376901146/fast"
/usr/bin/gmake -f CMakeFiles/cmTryCompileExec1376901146.dir/build.make CMakeFiles/cmTryCompileExec1376901146.dir/build
gmake[1]: Entering directory `/home/pnvaidya/work/GKL/src/main/native/smithwaterman/CMakeFiles/CMakeTmp'
/usr/bin/cmake -E cmake_progress_report /home/pnvaidya/work/GKL/src/main/native/smithwaterman/CMakeFiles/CMakeTmp/CMakeFiles 1
Building CXX object CMakeFiles/cmTryCompileExec1376901146.dir/CMakeCXXCompilerABI.cpp.o
/opt/gcc-4.8.2/bin/c++     -o CMakeFiles/cmTryCompileExec1376901146.dir/CMakeCXXCompilerABI.cpp.o -c /usr/share/cmake/Modules/CMakeCXXCompilerABI.cpp
Linking CXX executable cmTryCompileExec1376901146
/usr/bin/cmake -E cmake_link_script CMakeFiles/cmTryCompileExec1376901146.dir/link.txt --verbose=1
/opt/gcc-4.8.2/bin/c++      -v CMakeFiles/cmTryCompileExec1376901146.dir/CMakeCXXCompilerABI.cpp.o  -o cmTryCompileExec1376901146 -rdynamic  
Using built-in specs.
COLLECT_GCC=/opt/gcc-4.8.2/bin/c++
COLLECT_LTO_WRAPPER=/home/opt/gcc-4.8.2/bin/../libexec/gcc/x86_64-unknown-linux-gnu/4.8.2/lto-wrapper
Target: x86_64-unknown-linux-gnu
Configured with: ../gcc-4.8.2/configure --prefix=/opt/gcc-4.8.2 --enable-languages=c,c++,fortran --with-mpfr=/mnt/app_hdd/scratch/karthikg/VM/shared/softwares/gcc-4.8.2/build/../libs --with-mpc=/mnt/app_hdd/scratch/karthikg/VM/shared/softwares/gcc-4.8.2/build/../libs --with-gmp=/mnt/app_hdd/scratch/karthikg/VM/shared/softwares/gcc-4.8.2/build/../libs --with-isl=/mnt/app_hdd/scratch/karthikg/VM/shared/softwares/gcc-4.8.2/libs/ --with-cloog=/mnt/app_hdd/scratch/karthikg/VM/shared/softwares/gcc-4.8.2/libs/ : (reconfigured) ../gcc-4.8.2/configure --prefix=/opt/gcc-4.8.2 --enable-languages=c,c++,fortran --with-mpfr=/mnt/app_hdd/scratch/karthikg/VM/shared/softwares/gcc-4.8.2/build/../libs --with-mpc=/mnt/app_hdd/scratch/karthikg/VM/shared/softwares/gcc-4.8.2/build/../libs --with-gmp=/mnt/app_hdd/scratch/karthikg/VM/shared/softwares/gcc-4.8.2/build/../libs --with-isl=/mnt/app_hdd/scratch/karthikg/VM/shared/softwares/gcc-4.8.2/libs/ --with-cloog=/mnt/app_hdd/scratch/karthikg/VM/shared/softwares/gcc-4.8.2/libs/
Thread model: posix
gcc version 4.8.2 (GCC) 
COMPILER_PATH=/home/opt/gcc-4.8.2/bin/../libexec/gcc/x86_64-unknown-linux-gnu/4.8.2/:/home/opt/gcc-4.8.2/bin/../libexec/gcc/
LIBRARY_PATH=/home/opt/gcc-4.8.2/bin/../lib/gcc/x86_64-unknown-linux-gnu/4.8.2/:/home/opt/gcc-4.8.2/bin/../lib/gcc/:/home/opt/gcc-4.8.2/bin/../lib/gcc/x86_64-unknown-linux-gnu/4.8.2/../../../../lib64/:/lib/../lib64/:/usr/lib/../lib64/:/home/opt/gcc-4.8.2/bin/../lib/gcc/x86_64-unknown-linux-gnu/4.8.2/../../../:/lib/:/usr/lib/
COLLECT_GCC_OPTIONS='-v' '-o' 'cmTryCompileExec1376901146' '-rdynamic' '-shared-libgcc' '-mtune=generic' '-march=x86-64'
 /home/opt/gcc-4.8.2/bin/../libexec/gcc/x86_64-unknown-linux-gnu/4.8.2/collect2 --eh-frame-hdr -m elf_x86_64 -export-dynamic -dynamic-linker /lib64/ld-linux-x86-64.so.2 -o cmTryCompileExec1376901146 /usr/lib/../lib64/crt1.o /usr/lib/../lib64/crti.o /home/opt/gcc-4.8.2/bin/../lib/gcc/x86_64-unknown-linux-gnu/4.8.2/crtbegin.o -L/home/opt/gcc-4.8.2/bin/../lib/gcc/x86_64-unknown-linux-gnu/4.8.2 -L/home/opt/gcc-4.8.2/bin/../lib/gcc -L/home/opt/gcc-4.8.2/bin/../lib/gcc/x86_64-unknown-linux-gnu/4.8.2/../../../../lib64 -L/lib/../lib64 -L/usr/lib/../lib64 -L/home/opt/gcc-4.8.2/bin/../lib/gcc/x86_64-unknown-linux-gnu/4.8.2/../../.. CMakeFiles/cmTryCompileExec1376901146.dir/CMakeCXXCompilerABI.cpp.o -lstdc++ -lm -lgcc_s -lgcc -lc -lgcc_s -lgcc /home/opt/gcc-4.8.2/bin/../lib/gcc/x86_64-unknown-linux-gnu/4.8.2/crtend.o /usr/lib/../lib64/crtn.o
gmake[1]: Leaving directory `/home/pnvaidya/work/GKL/src/main/native/smithwaterman/CMakeFiles/CMakeTmp'


Parsed CXX implicit link information from above output:
  link line regex: [^( *|.*[/\])(ld|([^/\]+-)?ld|collect2)[^/\]*( |$)]
  ignore line: [Change Dir: /home/pnvaidya/work/GKL/src/main/native/smithwaterman/CMakeFiles/CMakeTmp]
  ignore line: []
  ignore line: [Run Build Command:/usr/bin/gmake "cmTryCompileExec1376901146/fast"]
  ignore line: [/usr/bin/gmake -f CMakeFiles/cmTryCompileExec1376901146.dir/build.make CMakeFiles/cmTryCompileExec1376901146.dir/build]
  ignore line: [gmake[1]: Entering directory `/home/pnvaidya/work/GKL/src/main/native/smithwaterman/CMakeFiles/CMakeTmp']
  ignore line: [/usr/bin/cmake -E cmake_progress_report /home/pnvaidya/work/GKL/src/main/native/smithwaterman/CMakeFiles/CMakeTmp/CMakeFiles 1]
  ignore line: [Building CXX object CMakeFiles/cmTryCompileExec1376901146.dir/CMakeCXXCompilerABI.cpp.o]
  ignore line: [/opt/gcc-4.8.2/bin/c++     -o CMakeFiles/cmTryCompileExec1376901146.dir/CMakeCXXCompilerABI.cpp.o -c /usr/share/cmake/Modules/CMakeCXXCompilerABI.cpp]
  ignore line: [Linking CXX executable cmTryCompileExec1376901146]
  ignore line: [/usr/bin/cmake -E cmake_link_script CMakeFiles/cmTryCompileExec1376901146.dir/link.txt --verbose=1]
  ignore line: [/opt/gcc-4.8.2/bin/c++      -v CMakeFiles/cmTryCompileExec1376901146.dir/CMakeCXXCompilerABI.cpp.o  -o cmTryCompileExec1376901146 -rdynamic  ]
  ignore line: [Using built-in specs.]
  ignore line: [COLLECT_GCC=/opt/gcc-4.8.2/bin/c++]
  ignore line: [COLLECT_LTO_WRAPPER=/home/opt/gcc-4.8.2/bin/../libexec/gcc/x86_64-unknown-linux-gnu/4.8.2/lto-wrapper]
  ignore line: [Target: x86_64-unknown-linux-gnu]
  ignore line: [Configured with: ../gcc-4.8.2/configure --prefix=/opt/gcc-4.8.2 --enable-languages=c,c++,fortran --with-mpfr=/mnt/app_hdd/scratch/karthikg/VM/shared/softwares/gcc-4.8.2/build/../libs --with-mpc=/mnt/app_hdd/scratch/karthikg/VM/shared/softwares/gcc-4.8.2/build/../libs --with-gmp=/mnt/app_hdd/scratch/karthikg/VM/shared/softwares/gcc-4.8.2/build/../libs --with-isl=/mnt/app_hdd/scratch/karthikg/VM/shared/softwares/gcc-4.8.2/libs/ --with-cloog=/mnt/app_hdd/scratch/karthikg/VM/shared/softwares/gcc-4.8.2/libs/ : (reconfigured) ../gcc-4.8.2/configure --prefix=/opt/gcc-4.8.2 --enable-languages=c,c++,fortran --with-mpfr=/mnt/app_hdd/scratch/karthikg/VM/shared/softwares/gcc-4.8.2/build/../libs --with-mpc=/mnt/app_hdd/scratch/karthikg/VM/shared/softwares/gcc-4.8.2/build/../libs --with-gmp=/mnt/app_hdd/scratch/karthikg/VM/shared/softwares/gcc-4.8.2/build/../libs --with-isl=/mnt/app_hdd/scratch/karthikg/VM/shared/softwares/gcc-4.8.2/libs/ --with-cloog=/mnt/app_hdd/scratch/karthikg/VM/shared/softwares/gcc-4.8.2/libs/]
  ignore line: [Thread model: posix]
  ignore line: [gcc version 4.8.2 (GCC) ]
  ignore line: [COMPILER_PATH=/home/opt/gcc-4.8.2/bin/../libexec/gcc/x86_64-unknown-linux-gnu/4.8.2/:/home/opt/gcc-4.8.2/bin/../libexec/gcc/]
  ignore line: [LIBRARY_PATH=/home/opt/gcc-4.8.2/bin/../lib/gcc/x86_64-unknown-linux-gnu/4.8.2/:/home/opt/gcc-4.8.2/bin/../lib/gcc/:/home/opt/gcc-4.8.2/bin/../lib/gcc/x86_64-unknown-linux-gnu/4.8.2/../../../../lib64/:/lib/../lib64/:/usr/lib/../lib64/:/home/opt/gcc-4.8.2/bin/../lib/gcc/x86_64-unknown-linux-gnu/4.8.2/../../../:/lib/:/usr/lib/]
  ignore line: [COLLECT_GCC_OPTIONS='-v' '-o' 'cmTryCompileExec1376901146' '-rdynamic' '-shared-libgcc' '-mtune=generic' '-march=x86-64']
  link line: [ /home/opt/gcc-4.8.2/bin/../libexec/gcc/x86_64-unknown-linux-gnu/4.8.2/collect2 --eh-frame-hdr -m elf_x86_64 -export-dynamic -dynamic-linker /lib64/ld-linux-x86-64.so.2 -o cmTryCompileExec1376901146 /usr/lib/../lib64/crt1.o /usr/lib/../lib64/crti.o /home/opt/gcc-4.8.2/bin/../lib/gcc/x86_64-unknown-linux-gnu/4.8.2/crtbegin.o -L/home/opt/gcc-4.8.2/bin/../lib/gcc/x86_64-unknown-linux-gnu/4.8.2 -L/home/opt/gcc-4.8.2/bin/../lib/gcc -L/home/opt/gcc-4.8.2/bin/../lib/gcc/x86_64-unknown-linux-gnu/4.8.2/../../../../lib64 -L/lib/../lib64 -L/usr/lib/../lib64 -L/home/opt/gcc-4.8.2/bin/../lib/gcc/x86_64-unknown-linux-gnu/4.8.2/../../.. CMakeFiles/cmTryCompileExec1376901146.dir/CMakeCXXCompilerABI.cpp.o -lstdc++ -lm -lgcc_s -lgcc -lc -lgcc_s -lgcc /home/opt/gcc-4.8.2/bin/../lib/gcc/x86_64-unknown-linux-gnu/4.8.2/crtend.o /usr/lib/../lib64/crtn.o]
    arg [/home/opt/gcc-4.8.2/bin/../libexec/gcc/x86_64-unknown-linux-gnu/4.8.2/collect2] ==> ignore
    arg [--eh-frame-hdr] ==> ignore
    arg [-m] ==> ignore
    arg [elf_x86_64] ==> ignore
    arg [-export-dynamic] ==> ignore
    arg [-dynamic-linker] ==> ignore
    arg [/lib64/ld-linux-x86-64.so.2] ==> ignore
    arg [-o] ==> ignore
    arg [cmTryCompileExec1376901146] ==> ignore
    arg [/usr/lib/../lib64/crt1.o] ==> ignore
    arg [/usr/lib/../lib64/crti.o] ==> ignore
    arg [/home/opt/gcc-4.8.2/bin/../lib/gcc/x86_64-unknown-linux-gnu/4.8.2/crtbegin.o] ==> ignore
    arg [-L/home/opt/gcc-4.8.2/bin/../lib/gcc/x86_64-unknown-linux-gnu/4.8.2] ==> dir [/home/opt/gcc-4.8.2/bin/../lib/gcc/x86_64-unknown-linux-gnu/4.8.2]
    arg [-L/home/opt/gcc-4.8.2/bin/../lib/gcc] ==> dir [/home/opt/gcc-4.8.2/bin/../lib/gcc]
    arg [-L/home/opt/gcc-4.8.2/bin/../lib/gcc/x86_64-unknown-linux-gnu/4.8.2/../../../../lib64] ==> dir [/home/opt/gcc-4.8.2/bin/../lib/gcc/x86_64-unknown-linux-gnu/4.8.2/../../../../lib64]
    arg [-L/lib/../lib64] ==> dir [/lib/../lib64]
    arg [-L/usr/lib/../lib64] ==> dir [/usr/lib/../lib64]
    arg [-L/home/opt/gcc-4.8.2/bin/../lib/gcc/x86_64-unknown-linux-gnu/4.8.2/../../..] ==> dir [/home/opt/gcc-4.8.2/bin/../lib/gcc/x86_64-unknown-linux-gnu/4.8.2/../../..]
    arg [CMakeFiles/cmTryCompileExec1376901146.dir/CMakeCXXCompilerABI.cpp.o] ==> ignore
    arg [-lstdc++] ==> lib [stdc++]
    arg [-lm] ==> lib [m]
    arg [-lgcc_s] ==> lib [gcc_s]
    arg [-lgcc] ==> lib [gcc]
    arg [-lc] ==> lib [c]
    arg [-lgcc_s] ==> lib [gcc_s]
    arg [-lgcc] ==> lib [gcc]
    arg [/home/opt/gcc-4.8.2/bin/../lib/gcc/x86_64-unknown-linux-gnu/4.8.2/crtend.o] ==> ignore
    arg [/usr/lib/../lib64/crtn.o] ==> ignore
  remove lib [gcc_s]
  remove lib [gcc]
  remove lib [gcc_s]
  remove lib [gcc]
  collapse library dir [/home/opt/gcc-4.8.2/bin/../lib/gcc/x86_64-unknown-linux-gnu/4.8.2] ==> [/home/opt/gcc-4.8.2/lib/gcc/x86_64-unknown-linux-gnu/4.8.2]
  collapse library dir [/home/opt/gcc-4.8.2/bin/../lib/gcc] ==> [/home/opt/gcc-4.8.2/lib/gcc]
  collapse library dir [/home/opt/gcc-4.8.2/bin/../lib/gcc/x86_64-unknown-linux-gnu/4.8.2/../../../../lib64] ==> [/home/opt/gcc-4.8.2/lib64]
  collapse library dir [/lib/../lib64] ==> [/lib64]
  collapse library dir [/usr/lib/../lib64] ==> [/usr/lib64]
  collapse library dir [/home/opt/gcc-4.8.2/bin/../lib/gcc/x86_64-unknown-linux-gnu/4.8.2/../../..] ==> [/home/opt/gcc-4.8.2/lib]
  implicit libs: [stdc++;m;c]
  implicit dirs: [/home/opt/gcc-4.8.2/lib/gcc/x86_64-unknown-linux-gnu/4.8.2;/home/opt/gcc-4.8.2/lib/gcc;/home/opt/gcc-4.8.2/lib64;/lib64;/usr/lib64;/home/opt/gcc-4.8.2/lib]
  implicit fwks: []


